
================== ASTRAL ===================== 

This is ASTRAL version 5.7.1
Gene trees are treated as unrooted
7674 trees read from ./chr12-iqtree/loci.treefile
All output trees will be *arbitrarily* rooted at mm10

======== Running the main analysis
Number of taxa: 7 (7 species)
Taxa: [mm10, GraDol, RhaDil, HylAll, MasNat, PraDel, RhySor]
Taxon occupancy: {GraDol=7674, MasNat=7674, RhaDil=7674, PraDel=7674, mm10=7674, RhySor=7674, HylAll=7674}
Number of gene trees: 7674
0 trees have missing taxa
Calculating quartet distance matrix (for completion of X)
Species tree distances calculated ...
Building set of clusters (X) from gene trees 
------------------------------
gradient0: 127
Number of Clusters after addition by distance: 127
calculating extra bipartitions to be added at level 1 ...
Adding to X using resolutions of greedy consensus ...
Limit for sigma of degrees:225
polytomy size limit : 3
discarded polytomies:  [3]
Threshold 0.0:
Threshold 0.01:
Threshold 0.02:
Threshold 0.05:
Threshold 0.1:
Threshold 0.2:
Threshold 0.3333333333333333:
polytomy of size 3; rounds with additions with at least 5 support: 0; clusters: 127
max k is :0
Number of Clusters after addition by greedy: 127
gradient0 in heuristiic: 127
partitions formed in 1.336 secs
Dynamic Programming starting after 1.336 secs
Using tree-based weight calculation.
Using polytree-based weight calculation.
Polytree max score: 268590
Polytree building time: 0.333 seconds.
Number of quartet trees in the gene trees: 268590
Size of largest cluster: 7
Greedy score: 199887
estimationFactor: 1.343709195695568
Sub-optimal score: 199887
Total Number of elements weighted: 310
Normalized score (portion of input quartet trees satisfied before correcting for multiple individuals): 0.7442086451468781
Optimization score: 199887
Optimal tree inferred in 1.963 secs.
(GraDol,(RhaDil,(RhySor,(mm10,(HylAll,(MasNat,PraDel))))));
Final quartet score is: 199887
Final normalized quartet score is: 0.7442086451468781
(mm10,((HylAll,(MasNat,PraDel)1:0.1851725224747107)1:2.2661243866110237,(RhySor,(RhaDil,GraDol)1:0.8320723395854762)1:0.12108244667292133));
Weight calculation took 0.100018432 secs
ASTRAL finished in 2.749 secs
