
================== ASTRAL ===================== 

This is ASTRAL version 5.7.1
Gene trees are treated as unrooted
8748 trees read from ./chr8-iqtree/loci.treefile
All output trees will be *arbitrarily* rooted at mm10

======== Running the main analysis
Number of taxa: 7 (7 species)
Taxa: [mm10, GraDol, RhaDil, HylAll, MasNat, PraDel, RhySor]
Taxon occupancy: {GraDol=8748, MasNat=8748, RhaDil=8748, PraDel=8748, mm10=8748, RhySor=8748, HylAll=8748}
Number of gene trees: 8748
0 trees have missing taxa
Calculating quartet distance matrix (for completion of X)
Species tree distances calculated ...
Building set of clusters (X) from gene trees 
------------------------------
gradient0: 127
Number of Clusters after addition by distance: 127
calculating extra bipartitions to be added at level 1 ...
Adding to X using resolutions of greedy consensus ...
Limit for sigma of degrees:225
polytomy size limit : 3
discarded polytomies:  [3]
Threshold 0.0:
Threshold 0.01:
Threshold 0.02:
Threshold 0.05:
Threshold 0.1:
Threshold 0.2:
Threshold 0.3333333333333333:
polytomy of size 3; rounds with additions with at least 5 support: 0; clusters: 127
max k is :0
Number of Clusters after addition by greedy: 127
gradient0 in heuristiic: 127
partitions formed in 1.559 secs
Dynamic Programming starting after 1.559 secs
Using tree-based weight calculation.
Using polytree-based weight calculation.
Polytree max score: 306180
Polytree building time: 0.23 seconds.
Number of quartet trees in the gene trees: 306180
Size of largest cluster: 7
Greedy score: 229565
estimationFactor: 1.3337398993749048
Sub-optimal score: 229565
Total Number of elements weighted: 188
Normalized score (portion of input quartet trees satisfied before correcting for multiple individuals): 0.7497713763145862
Optimization score: 229565
Optimal tree inferred in 2.017 secs.
(GraDol,(RhaDil,(RhySor,(mm10,(HylAll,(MasNat,PraDel))))));
Final quartet score is: 229565
Final normalized quartet score is: 0.7497713763145862
(mm10,((HylAll,(MasNat,PraDel)1:0.20954909751212136)1:2.375041493583482,(RhySor,(RhaDil,GraDol)1:0.8060416248106327)1:0.12447758534031925));
Weight calculation took 0.068138029 secs
ASTRAL finished in 2.794 secs
