
================== ASTRAL ===================== 

This is ASTRAL version 5.7.1
Gene trees are treated as unrooted
9710 trees read from ./chr3-iqtree/loci.treefile
All output trees will be *arbitrarily* rooted at mm10

======== Running the main analysis
Number of taxa: 7 (7 species)
Taxa: [mm10, GraDol, RhaDil, RhySor, HylAll, MasNat, PraDel]
Taxon occupancy: {GraDol=9710, MasNat=9710, RhaDil=9710, PraDel=9710, mm10=9710, RhySor=9710, HylAll=9710}
Number of gene trees: 9710
0 trees have missing taxa
Calculating quartet distance matrix (for completion of X)
Species tree distances calculated ...
Building set of clusters (X) from gene trees 
------------------------------
gradient0: 127
Number of Clusters after addition by distance: 127
calculating extra bipartitions to be added at level 1 ...
Adding to X using resolutions of greedy consensus ...
Limit for sigma of degrees:225
polytomy size limit : 3
discarded polytomies:  []
Threshold 0.0:
Threshold 0.01:
Threshold 0.02:
Threshold 0.05:
Threshold 0.1:
Threshold 0.2:
Threshold 0.3333333333333333:
max k is :0
Number of Clusters after addition by greedy: 127
gradient0 in heuristiic: 127
partitions formed in 1.114 secs
Dynamic Programming starting after 1.114 secs
Using tree-based weight calculation.
Using polytree-based weight calculation.
Polytree max score: 339850
Polytree building time: 0.36 seconds.
Number of quartet trees in the gene trees: 339850
Size of largest cluster: 7
Greedy score: 252959
estimationFactor: 1.3434983534881146
Sub-optimal score: 252959
Total Number of elements weighted: 266
Normalized score (portion of input quartet trees satisfied before correcting for multiple individuals): 0.7443254376930999
Optimization score: 252959
Optimal tree inferred in 1.81 secs.
(GraDol,(RhaDil,(RhySor,(mm10,(HylAll,(MasNat,PraDel))))));
Final quartet score is: 252959
Final normalized quartet score is: 0.7443254376930999
(mm10,((HylAll,(MasNat,PraDel)1:0.05521133826243229)1:2.251253183349603,(RhySor,(RhaDil,GraDol)1:0.8496691177486295)1:0.1761927090163288));
Weight calculation took 0.117890809 secs
ASTRAL finished in 2.677 secs
