
================== ASTRAL ===================== 

This is ASTRAL version 5.7.1
Gene trees are treated as unrooted
12399 trees read from ./chr2-iqtree/loci.treefile
All output trees will be *arbitrarily* rooted at mm10

======== Running the main analysis
Number of taxa: 7 (7 species)
Taxa: [mm10, GraDol, RhySor, HylAll, MasNat, PraDel, RhaDil]
Taxon occupancy: {GraDol=12399, MasNat=12399, RhaDil=12399, PraDel=12399, mm10=12399, RhySor=12399, HylAll=12399}
Number of gene trees: 12399
0 trees have missing taxa
Calculating quartet distance matrix (for completion of X)
Species tree distances calculated ...
Building set of clusters (X) from gene trees 
------------------------------
gradient0: 127
Number of Clusters after addition by distance: 127
calculating extra bipartitions to be added at level 1 ...
Adding to X using resolutions of greedy consensus ...
Limit for sigma of degrees:225
polytomy size limit : 3
discarded polytomies:  []
Threshold 0.0:
Threshold 0.01:
Threshold 0.02:
Threshold 0.05:
Threshold 0.1:
Threshold 0.2:
Threshold 0.3333333333333333:
max k is :0
Number of Clusters after addition by greedy: 127
gradient0 in heuristiic: 127
partitions formed in 1.411 secs
Dynamic Programming starting after 1.411 secs
Using tree-based weight calculation.
Using polytree-based weight calculation.
Polytree max score: 433965
Polytree building time: 0.405 seconds.
Number of quartet trees in the gene trees: 433965
Size of largest cluster: 7
Greedy score: 334507
estimationFactor: 1.2973271112413194
Sub-optimal score: 334507
Total Number of elements weighted: 176
Normalized score (portion of input quartet trees satisfied before correcting for multiple individuals): 0.770815618771099
Optimization score: 334507
Optimal tree inferred in 2.261 secs.
(GraDol,(RhaDil,(RhySor,(mm10,(HylAll,(MasNat,PraDel))))));
Final quartet score is: 334507
Final normalized quartet score is: 0.770815618771099
(mm10,((HylAll,(MasNat,PraDel)1:0.25640223403482626)1:2.4939799459936873,(RhySor,(RhaDil,GraDol)1:0.9597624030440062)1:0.18346737428248358));
Weight calculation took 0.15571344 secs
ASTRAL finished in 3.089 secs
