
================== ASTRAL ===================== 

This is ASTRAL version 5.7.1
Gene trees are treated as unrooted
8411 trees read from ./chr9-iqtree/loci.treefile
All output trees will be *arbitrarily* rooted at mm10

======== Running the main analysis
Number of taxa: 7 (7 species)
Taxa: [mm10, GraDol, RhaDil, HylAll, MasNat, PraDel, RhySor]
Taxon occupancy: {GraDol=8411, MasNat=8411, RhaDil=8411, PraDel=8411, mm10=8411, RhySor=8411, HylAll=8411}
Number of gene trees: 8411
0 trees have missing taxa
Calculating quartet distance matrix (for completion of X)
Species tree distances calculated ...
Building set of clusters (X) from gene trees 
------------------------------
gradient0: 127
Number of Clusters after addition by distance: 127
calculating extra bipartitions to be added at level 1 ...
Adding to X using resolutions of greedy consensus ...
Limit for sigma of degrees:225
polytomy size limit : 3
discarded polytomies:  [3]
Threshold 0.0:
Threshold 0.01:
Threshold 0.02:
Threshold 0.05:
Threshold 0.1:
Threshold 0.2:
Threshold 0.3333333333333333:
polytomy of size 3; rounds with additions with at least 5 support: 0; clusters: 127
max k is :0
Number of Clusters after addition by greedy: 127
gradient0 in heuristiic: 127
partitions formed in 1.424 secs
Dynamic Programming starting after 1.424 secs
Using tree-based weight calculation.
Using polytree-based weight calculation.
Polytree max score: 294385
Polytree building time: 0.335 seconds.
Number of quartet trees in the gene trees: 294385
Size of largest cluster: 7
Greedy score: 224008
estimationFactor: 1.314171815292311
Sub-optimal score: 224008
Total Number of elements weighted: 176
Normalized score (portion of input quartet trees satisfied before correcting for multiple individuals): 0.7609355096217538
Optimization score: 224008
Optimal tree inferred in 2.01 secs.
(GraDol,(RhaDil,(mm10,(RhySor,(HylAll,(MasNat,PraDel))))));
Final quartet score is: 224008
Final normalized quartet score is: 0.7609355096217538
(mm10,((RhySor,(HylAll,(MasNat,PraDel)1:0.23432837243903354)1:2.6944132236319973)1:0.1522850491906026,(RhaDil,GraDol)1:0.7005748401056092));
Weight calculation took 0.064063295 secs
ASTRAL finished in 2.756 secs
