
================== ASTRAL ===================== 

This is ASTRAL version 5.7.1
Gene trees are treated as unrooted
7679 trees read from ./chr14-iqtree/loci.treefile
All output trees will be *arbitrarily* rooted at mm10

======== Running the main analysis
Number of taxa: 7 (7 species)
Taxa: [mm10, GraDol, RhaDil, HylAll, MasNat, PraDel, RhySor]
Taxon occupancy: {GraDol=7679, MasNat=7679, RhaDil=7679, PraDel=7679, mm10=7679, RhySor=7679, HylAll=7679}
Number of gene trees: 7679
0 trees have missing taxa
Calculating quartet distance matrix (for completion of X)
Species tree distances calculated ...
Building set of clusters (X) from gene trees 
------------------------------
gradient0: 127
Number of Clusters after addition by distance: 127
calculating extra bipartitions to be added at level 1 ...
Adding to X using resolutions of greedy consensus ...
Limit for sigma of degrees:225
polytomy size limit : 3
discarded polytomies:  [3]
Threshold 0.0:
Threshold 0.01:
Threshold 0.02:
Threshold 0.05:
Threshold 0.1:
Threshold 0.2:
Threshold 0.3333333333333333:
polytomy of size 3; rounds with additions with at least 5 support: 0; clusters: 127
max k is :0
Number of Clusters after addition by greedy: 127
gradient0 in heuristiic: 127
partitions formed in 1.38 secs
Dynamic Programming starting after 1.38 secs
Using tree-based weight calculation.
Using polytree-based weight calculation.
Polytree max score: 268765
Polytree building time: 0.312 seconds.
Number of quartet trees in the gene trees: 268765
Size of largest cluster: 7
Greedy score: 199228
estimationFactor: 1.3490322645411288
Sub-optimal score: 199228
Total Number of elements weighted: 376
Normalized score (portion of input quartet trees satisfied before correcting for multiple individuals): 0.7412721150447417
Optimization score: 199228
Optimal tree inferred in 2.016 secs.
(GraDol,(RhaDil,(RhySor,(mm10,(HylAll,(MasNat,PraDel))))));
Final quartet score is: 199228
Final normalized quartet score is: 0.7412721150447417
(mm10,((HylAll,(MasNat,PraDel)1:0.20200622229790022)1:2.136508047978706,(RhySor,(RhaDil,GraDol)1:0.7980737626028045)1:0.13145022642069956));
Weight calculation took 0.152702949 secs
ASTRAL finished in 2.683 secs
