
================== ASTRAL ===================== 

This is ASTRAL version 5.7.1
Gene trees are treated as unrooted
8673 trees read from ./chr11-iqtree/loci.treefile
All output trees will be *arbitrarily* rooted at mm10

======== Running the main analysis
Number of taxa: 7 (7 species)
Taxa: [mm10, GraDol, RhaDil, HylAll, PraDel, MasNat, RhySor]
Taxon occupancy: {GraDol=8673, MasNat=8673, RhaDil=8673, PraDel=8673, mm10=8673, RhySor=8673, HylAll=8673}
Number of gene trees: 8673
0 trees have missing taxa
Calculating quartet distance matrix (for completion of X)
Species tree distances calculated ...
Building set of clusters (X) from gene trees 
------------------------------
gradient0: 127
Number of Clusters after addition by distance: 127
calculating extra bipartitions to be added at level 1 ...
Adding to X using resolutions of greedy consensus ...
Limit for sigma of degrees:225
polytomy size limit : 3
discarded polytomies:  []
Threshold 0.0:
Threshold 0.01:
Threshold 0.02:
Threshold 0.05:
Threshold 0.1:
Threshold 0.2:
Threshold 0.3333333333333333:
max k is :0
Number of Clusters after addition by greedy: 127
gradient0 in heuristiic: 127
partitions formed in 1.04 secs
Dynamic Programming starting after 1.04 secs
Using tree-based weight calculation.
Using polytree-based weight calculation.
Polytree max score: 303555
Polytree building time: 0.384 seconds.
Number of quartet trees in the gene trees: 303555
Size of largest cluster: 7
Greedy score: 235428
estimationFactor: 1.2893750955706202
Sub-optimal score: 235428
Total Number of elements weighted: 176
Normalized score (portion of input quartet trees satisfied before correcting for multiple individuals): 0.7755695014083115
Optimization score: 235428
Optimal tree inferred in 1.725 secs.
(GraDol,(RhaDil,(RhySor,(mm10,(HylAll,(PraDel,MasNat))))));
Final quartet score is: 235428
Final normalized quartet score is: 0.7755695014083115
(mm10,((HylAll,(PraDel,MasNat)1:0.24546837905113614)1:2.533570006226617,(RhySor,(RhaDil,GraDol)1:1.0149534527691804)1:0.2000240160741293));
Weight calculation took 0.082127031 secs
ASTRAL finished in 2.486 secs
