
================== ASTRAL ===================== 

This is ASTRAL version 5.7.1
Gene trees are treated as unrooted
8433 trees read from ./chr7-iqtree/loci.treefile
All output trees will be *arbitrarily* rooted at mm10

======== Running the main analysis
Number of taxa: 7 (7 species)
Taxa: [mm10, GraDol, HylAll, PraDel, MasNat, RhySor, RhaDil]
Taxon occupancy: {GraDol=8433, MasNat=8433, RhaDil=8433, PraDel=8433, mm10=8433, RhySor=8433, HylAll=8433}
Number of gene trees: 8433
0 trees have missing taxa
Calculating quartet distance matrix (for completion of X)
Species tree distances calculated ...
Building set of clusters (X) from gene trees 
------------------------------
gradient0: 127
Number of Clusters after addition by distance: 127
calculating extra bipartitions to be added at level 1 ...
Adding to X using resolutions of greedy consensus ...
Limit for sigma of degrees:225
polytomy size limit : 3
discarded polytomies:  []
Threshold 0.0:
Threshold 0.01:
Threshold 0.02:
Threshold 0.05:
Threshold 0.1:
Threshold 0.2:
Threshold 0.3333333333333333:
max k is :0
Number of Clusters after addition by greedy: 127
gradient0 in heuristiic: 127
partitions formed in 1.108 secs
Dynamic Programming starting after 1.108 secs
Using tree-based weight calculation.
Using polytree-based weight calculation.
Polytree max score: 295155
Polytree building time: 0.484 seconds.
Number of quartet trees in the gene trees: 295155
Size of largest cluster: 7
Greedy score: 221763
estimationFactor: 1.330947903843292
Sub-optimal score: 221763
Total Number of elements weighted: 188
Normalized score (portion of input quartet trees satisfied before correcting for multiple individuals): 0.7513442089749454
Optimization score: 221763
Optimal tree inferred in 1.904 secs.
(GraDol,(RhaDil,(RhySor,(mm10,(HylAll,(PraDel,MasNat))))));
Final quartet score is: 221763
Final normalized quartet score is: 0.7513442089749454
(mm10,((HylAll,(PraDel,MasNat)1:0.22729461416070762)1:2.2678045506195548,(RhySor,(RhaDil,GraDol)1:0.9298620729746149)1:0.12556833134744427));
Weight calculation took 0.078079756 secs
ASTRAL finished in 2.707 secs
