
================== ASTRAL ===================== 

This is ASTRAL version 5.7.1
Gene trees are treated as unrooted
9548 trees read from ./chr6-iqtree/loci.treefile
All output trees will be *arbitrarily* rooted at mm10

======== Running the main analysis
Number of taxa: 7 (7 species)
Taxa: [mm10, GraDol, RhaDil, HylAll, MasNat, PraDel, RhySor]
Taxon occupancy: {GraDol=9548, MasNat=9548, RhaDil=9548, PraDel=9548, mm10=9548, RhySor=9548, HylAll=9548}
Number of gene trees: 9548
0 trees have missing taxa
Calculating quartet distance matrix (for completion of X)
Species tree distances calculated ...
Building set of clusters (X) from gene trees 
------------------------------
gradient0: 127
Number of Clusters after addition by distance: 127
calculating extra bipartitions to be added at level 1 ...
Adding to X using resolutions of greedy consensus ...
Limit for sigma of degrees:225
polytomy size limit : 3
discarded polytomies:  [3]
Threshold 0.0:
Threshold 0.01:
Threshold 0.02:
Threshold 0.05:
Threshold 0.1:
Threshold 0.2:
Threshold 0.3333333333333333:
polytomy of size 3; rounds with additions with at least 5 support: 0; clusters: 127
max k is :0
Number of Clusters after addition by greedy: 127
gradient0 in heuristiic: 127
partitions formed in 1.52 secs
Dynamic Programming starting after 1.52 secs
Using tree-based weight calculation.
Using polytree-based weight calculation.
Polytree max score: 334180
Polytree building time: 0.333 seconds.
Number of quartet trees in the gene trees: 334180
Size of largest cluster: 7
Greedy score: 250336
estimationFactor: 1.3349258596446376
Sub-optimal score: 250336
Total Number of elements weighted: 248
Normalized score (portion of input quartet trees satisfied before correcting for multiple individuals): 0.7491052726075768
Optimization score: 250336
Optimal tree inferred in 2.129 secs.
(GraDol,(RhaDil,(RhySor,(mm10,(HylAll,(MasNat,PraDel))))));
Final quartet score is: 250336
Final normalized quartet score is: 0.7491052726075768
(mm10,((HylAll,(MasNat,PraDel)1:0.2911439169791351)1:2.1939312316166775,(RhySor,(RhaDil,GraDol)1:0.7691661585081727)1:0.1495925427274449));
Weight calculation took 0.110767902 secs
ASTRAL finished in 2.978 secs
