
================== ASTRAL ===================== 

This is ASTRAL version 5.7.1
Gene trees are treated as unrooted
4167 trees read from ./chr19-iqtree/loci.treefile
All output trees will be *arbitrarily* rooted at mm10

======== Running the main analysis
Number of taxa: 7 (7 species)
Taxa: [mm10, GraDol, RhaDil, HylAll, MasNat, PraDel, RhySor]
Taxon occupancy: {GraDol=4167, MasNat=4167, RhaDil=4167, PraDel=4167, mm10=4167, RhySor=4167, HylAll=4167}
Number of gene trees: 4167
0 trees have missing taxa
Calculating quartet distance matrix (for completion of X)
Species tree distances calculated ...
Building set of clusters (X) from gene trees 
------------------------------
gradient0: 127
Number of Clusters after addition by distance: 127
calculating extra bipartitions to be added at level 1 ...
Adding to X using resolutions of greedy consensus ...
Limit for sigma of degrees:225
polytomy size limit : 3
discarded polytomies:  []
Threshold 0.0:
Threshold 0.01:
Threshold 0.02:
Threshold 0.05:
Threshold 0.1:
Threshold 0.2:
Threshold 0.3333333333333333:
max k is :0
Number of Clusters after addition by greedy: 127
gradient0 in heuristiic: 127
partitions formed in 0.635 secs
Dynamic Programming starting after 0.636 secs
Using tree-based weight calculation.
Using polytree-based weight calculation.
Polytree max score: 145845
Polytree building time: 0.188 seconds.
Number of quartet trees in the gene trees: 145845
Size of largest cluster: 7
Greedy score: 111484
estimationFactor: 1.3082146316960281
Sub-optimal score: 111484
Total Number of elements weighted: 176
Normalized score (portion of input quartet trees satisfied before correcting for multiple individuals): 0.764400562240735
Optimization score: 111484
Optimal tree inferred in 1.029 secs.
(GraDol,(RhaDil,(RhySor,(mm10,(HylAll,(MasNat,PraDel))))));
Final quartet score is: 111484
Final normalized quartet score is: 0.764400562240735
(mm10,((HylAll,(MasNat,PraDel)1:0.21282034002664987)1:2.447006385779221,(RhySor,(RhaDil,GraDol)1:0.9246176510869913)1:0.16698865319715037));
Weight calculation took 0.057249977 secs
ASTRAL finished in 1.57 secs
