
================== ASTRAL ===================== 

This is ASTRAL version 5.7.1
Gene trees are treated as unrooted
9380 trees read from ./chr4-iqtree/loci.treefile
All output trees will be *arbitrarily* rooted at mm10

======== Running the main analysis
Number of taxa: 7 (7 species)
Taxa: [mm10, GraDol, RhaDil, RhySor, HylAll, MasNat, PraDel]
Taxon occupancy: {GraDol=9380, MasNat=9380, RhaDil=9380, PraDel=9380, mm10=9380, RhySor=9380, HylAll=9380}
Number of gene trees: 9380
0 trees have missing taxa
Calculating quartet distance matrix (for completion of X)
Species tree distances calculated ...
Building set of clusters (X) from gene trees 
------------------------------
gradient0: 127
Number of Clusters after addition by distance: 127
calculating extra bipartitions to be added at level 1 ...
Adding to X using resolutions of greedy consensus ...
Limit for sigma of degrees:225
polytomy size limit : 3
discarded polytomies:  []
Threshold 0.0:
Threshold 0.01:
Threshold 0.02:
Threshold 0.05:
Threshold 0.1:
Threshold 0.2:
Threshold 0.3333333333333333:
max k is :0
Number of Clusters after addition by greedy: 127
gradient0 in heuristiic: 127
partitions formed in 1.107 secs
Dynamic Programming starting after 1.107 secs
Using tree-based weight calculation.
Using polytree-based weight calculation.
Polytree max score: 328300
Polytree building time: 0.388 seconds.
Number of quartet trees in the gene trees: 328300
Size of largest cluster: 7
Greedy score: 247860
estimationFactor: 1.3245380456709432
Sub-optimal score: 247860
Total Number of elements weighted: 186
Normalized score (portion of input quartet trees satisfied before correcting for multiple individuals): 0.7549802010356381
Optimization score: 247860
Optimal tree inferred in 1.805 secs.
(GraDol,(RhaDil,(RhySor,(mm10,(HylAll,(MasNat,PraDel))))));
Final quartet score is: 247860
Final normalized quartet score is: 0.7549802010356381
(mm10,((HylAll,(MasNat,PraDel)1:0.17508842506279063)1:2.372217759768342,(RhySor,(RhaDil,GraDol)1:0.8588503160849698)1:0.16957929258803783));
Weight calculation took 0.082384188 secs
ASTRAL finished in 2.536 secs
