
================== ASTRAL ===================== 

This is ASTRAL version 5.7.1
Gene trees are treated as unrooted
5718 trees read from ./chrX-iqtree/loci.treefile
All output trees will be *arbitrarily* rooted at mm10

======== Running the main analysis
Number of taxa: 7 (7 species)
Taxa: [mm10, GraDol, RhaDil, HylAll, MasNat, PraDel, RhySor]
Taxon occupancy: {GraDol=5718, MasNat=5718, RhaDil=5718, PraDel=5718, mm10=5718, RhySor=5718, HylAll=5718}
Number of gene trees: 5718
0 trees have missing taxa
Calculating quartet distance matrix (for completion of X)
Species tree distances calculated ...
Building set of clusters (X) from gene trees 
------------------------------
gradient0: 127
Number of Clusters after addition by distance: 127
calculating extra bipartitions to be added at level 1 ...
Adding to X using resolutions of greedy consensus ...
Limit for sigma of degrees:225
polytomy size limit : 3
discarded polytomies:  [3]
Threshold 0.0:
Threshold 0.01:
Threshold 0.02:
Threshold 0.05:
Threshold 0.1:
Threshold 0.2:
Threshold 0.3333333333333333:
polytomy of size 3; rounds with additions with at least 5 support: 0; clusters: 127
max k is :0
Number of Clusters after addition by greedy: 127
gradient0 in heuristiic: 127
partitions formed in 1.219 secs
Dynamic Programming starting after 1.219 secs
Using tree-based weight calculation.
Using polytree-based weight calculation.
Polytree max score: 200130
Polytree building time: 0.33 seconds.
Number of quartet trees in the gene trees: 200130
Size of largest cluster: 7
Greedy score: 150869
estimationFactor: 1.3265150561082795
Sub-optimal score: 150869
Total Number of elements weighted: 186
Normalized score (portion of input quartet trees satisfied before correcting for multiple individuals): 0.753854994253735
Optimization score: 150869
Optimal tree inferred in 1.744 secs.
(GraDol,(RhaDil,(mm10,(RhySor,(PraDel,(HylAll,MasNat))))));
Final quartet score is: 150869
Final normalized quartet score is: 0.753854994253735
(mm10,((RhySor,(PraDel,(HylAll,MasNat)1:0.07972583184796397)1:2.4181193912525485)1:0.049739206779200046,(RhaDil,GraDol)1:1.1643755497015769));
Weight calculation took 0.053327304 secs
ASTRAL finished in 2.305 secs
