
================== ASTRAL ===================== 

This is ASTRAL version 5.7.1
Gene trees are treated as unrooted
8494 trees read from ./chr10-iqtree/loci.treefile
All output trees will be *arbitrarily* rooted at mm10

======== Running the main analysis
Number of taxa: 7 (7 species)
Taxa: [mm10, GraDol, HylAll, MasNat, PraDel, RhySor, RhaDil]
Taxon occupancy: {GraDol=8494, MasNat=8494, RhaDil=8494, PraDel=8494, mm10=8494, RhySor=8494, HylAll=8494}
Number of gene trees: 8494
0 trees have missing taxa
Calculating quartet distance matrix (for completion of X)
Species tree distances calculated ...
Building set of clusters (X) from gene trees 
------------------------------
gradient0: 127
Number of Clusters after addition by distance: 127
calculating extra bipartitions to be added at level 1 ...
Adding to X using resolutions of greedy consensus ...
Limit for sigma of degrees:225
polytomy size limit : 3
discarded polytomies:  [3]
Threshold 0.0:
Threshold 0.01:
Threshold 0.02:
Threshold 0.05:
Threshold 0.1:
Threshold 0.2:
Threshold 0.3333333333333333:
polytomy of size 3; rounds with additions with at least 5 support: 0; clusters: 127
max k is :0
Number of Clusters after addition by greedy: 127
gradient0 in heuristiic: 127
partitions formed in 1.497 secs
Dynamic Programming starting after 1.497 secs
Using tree-based weight calculation.
Using polytree-based weight calculation.
Polytree max score: 297290
Polytree building time: 0.292 seconds.
Number of quartet trees in the gene trees: 297290
Size of largest cluster: 7
Greedy score: 223497
estimationFactor: 1.3301744542432337
Sub-optimal score: 223497
Total Number of elements weighted: 178
Normalized score (portion of input quartet trees satisfied before correcting for multiple individuals): 0.7517810891721888
Optimization score: 223497
Optimal tree inferred in 2.013 secs.
(GraDol,(RhaDil,(RhySor,(mm10,(HylAll,(MasNat,PraDel))))));
Final quartet score is: 223497
Final normalized quartet score is: 0.7517810891721888
(mm10,((HylAll,(MasNat,PraDel)1:0.2687338302812364)1:2.302290845529809,(RhySor,(RhaDil,GraDol)1:0.8044109010819034)1:0.1206823198662872));
Weight calculation took 0.060455599 secs
ASTRAL finished in 2.834 secs
